<?xml version="1.0" encoding="UTF-8"?>

<persistence version="2.0"
   xmlns="http://java.sun.com/xml/ns/persistence" xmlns:xsi="http://www.w3.org/2001/XMLSchema-instance"
   xsi:schemaLocation="
        http://java.sun.com/xml/ns/persistence
        http://java.sun.com/xml/ns/persistence/persistence_2_0.xsd">
   <persistence-unit name="persistenceUnit">

      <jta-data-source>java:jboss/datasources/ex225TestDS</jta-data-source>
      <!-- <class>model.Message</class> -->
      <class>model.Role</class>
      <class>model.User</class>

      <properties>
         <!-- Properties for Hibernate -->
         <property name="hibernate.hbm2ddl.auto" value="validate" />
         <property name="hibernate.show_sql" value="true" />
      </properties>
   </persistence-unit>
</persistence>